This is LuaTeX, Version 1.0.4 (TeX Live 2017/Debian)  (format=lualatex 2019.4.9)  24 MAY 2019 12:44
 restricted system commands enabled.
**poster
(./poster.tex
LaTeX2e <2017-04-15>
[\directlua]:1: module 'luaotfload-main' not found:
	no field package.preload['luaotfload-main']
	[kpse lua searcher] file not found: 'luaotfload-main'
	[kpse C searcher] file not found: 'luaotfload-main'
Error in luaotfload: reverting to OT1
Babel <3.18> and hyphenation patterns for 1 language(s) loaded.
)
*
(Please type a command or say `\end')
*
(Please type a command or say `\end')
*\end

*
! Interruption.
<*> 
 
? 
Runaway argument?
! Paragraph ended before \end was complete.
<to be read again> 
\par 
<*> 
 
? 
(Please type a command or say `\end')
*X

! LaTeX Error: Missing \begin{document}.

See the LaTeX manual or LaTeX Companion for explanation.
Type  H <return>  for immediate help.
 ...                                              
                                                  
<*> X
  
? X


Here is how much of LuaTeX's memory you used:
 8 strings out of 494480
 100000,89155 words of node,token memory allocated 263 words of node memory still in use:
   1 hlist, 1 local_par, 1 dir, 1 glue, 34 glue_spec, 1 temp nodes
   avail lists: 2:11,3:1,4:1,7:1
 4256 multiletter control sequences out of 65536+600000
 14 fonts using 591679 bytes
 5i,0n,4p,8b,15s stack positions out of 5000i,500n,10000p,200000b,100000s

warning  (pdf backend): no pages of output.

PDF statistics: 0 PDF objects out of 1000 (max. 8388607)
 0 named destinations out of 1000 (max. 131072)
 1 words of extra memory for PDF output out of 10000 (max. 100000000)

